<?xml version="1.0" encoding="UTF-8"?>
<testsuite name="com.jinnjartech.posnip.ShareASnippetApplicationTests" tests="1" skipped="0" failures="0" errors="0" timestamp="2021-08-18T14:47:07" hostname="GUMMY-BEAR" time="0.548">
  <properties/>
  <testcase name="contextLoads()" classname="com.jinnjartech.posnip.ShareASnippetApplicationTests" time="0.548"/>
  <system-out><![CDATA[20:45:53.547 [Test worker] DEBUG org.springframework.test.context.BootstrapUtils - Instantiating CacheAwareContextLoaderDelegate from class [org.springframework.test.context.cache.DefaultCacheAwareContextLoaderDelegate]
20:45:53.566 [Test worker] DEBUG org.springframework.test.context.BootstrapUtils - Instantiating BootstrapContext using constructor [public org.springframework.test.context.support.DefaultBootstrapContext(java.lang.Class,org.springframework.test.context.CacheAwareContextLoaderDelegate)]
20:45:53.646 [Test worker] DEBUG org.springframework.test.context.BootstrapUtils - Instantiating TestContextBootstrapper for test class [com.jinnjartech.posnip.ShareASnippetApplicationTests] from class [org.springframework.boot.test.context.SpringBootTestContextBootstrapper]
20:45:53.674 [Test worker] INFO org.springframework.boot.test.context.SpringBootTestContextBootstrapper - Neither @ContextConfiguration nor @ContextHierarchy found for test class [com.jinnjartech.posnip.ShareASnippetApplicationTests], using SpringBootContextLoader
20:45:53.682 [Test worker] DEBUG org.springframework.test.context.support.AbstractContextLoader - Did not detect default resource location for test class [com.jinnjartech.posnip.ShareASnippetApplicationTests]: class path resource [com/jinnjartech/posnip/ShareASnippetApplicationTests-context.xml] does not exist
20:45:53.687 [Test worker] DEBUG org.springframework.test.context.support.AbstractContextLoader - Did not detect default resource location for test class [com.jinnjartech.posnip.ShareASnippetApplicationTests]: class path resource [com/jinnjartech/posnip/ShareASnippetApplicationTestsContext.groovy] does not exist
20:45:53.688 [Test worker] INFO org.springframework.test.context.support.AbstractContextLoader - Could not detect default resource locations for test class [com.jinnjartech.posnip.ShareASnippetApplicationTests]: no resource found for suffixes {-context.xml, Context.groovy}.
20:45:53.690 [Test worker] INFO org.springframework.test.context.support.AnnotationConfigContextLoaderUtils - Could not detect default configuration classes for test class [com.jinnjartech.posnip.ShareASnippetApplicationTests]: ShareASnippetApplicationTests does not declare any static, non-private, non-final, nested classes annotated with @Configuration.
20:45:53.794 [Test worker] DEBUG org.springframework.test.context.support.ActiveProfilesUtils - Could not find an 'annotation declaring class' for annotation type [org.springframework.test.context.ActiveProfiles] and class [com.jinnjartech.posnip.ShareASnippetApplicationTests]
20:45:53.879 [Test worker] DEBUG org.springframework.context.annotation.ClassPathScanningCandidateComponentProvider - Identified candidate component class: file [D:\Education\Projects\Share A Snippet\build\classes\java\main\com\jinnjartech\posnip\ShareASnippetApplication.class]
20:45:53.880 [Test worker] INFO org.springframework.boot.test.context.SpringBootTestContextBootstrapper - Found @SpringBootConfiguration com.jinnjartech.posnip.ShareASnippetApplication for test class com.jinnjartech.posnip.ShareASnippetApplicationTests
20:45:54.052 [Test worker] DEBUG org.springframework.boot.test.context.SpringBootTestContextBootstrapper - @TestExecutionListeners is not present for class [com.jinnjartech.posnip.ShareASnippetApplicationTests]: using defaults.
20:45:54.052 [Test worker] INFO org.springframework.boot.test.context.SpringBootTestContextBootstrapper - Loaded default TestExecutionListener class names from location [META-INF/spring.factories]: [org.springframework.boot.test.autoconfigure.restdocs.RestDocsTestExecutionListener, org.springframework.boot.test.autoconfigure.web.client.MockRestServiceServerResetTestExecutionListener, org.springframework.boot.test.autoconfigure.web.servlet.MockMvcPrintOnlyOnFailureTestExecutionListener, org.springframework.boot.test.autoconfigure.web.servlet.WebDriverTestExecutionListener, org.springframework.boot.test.autoconfigure.webservices.client.MockWebServiceServerTestExecutionListener, org.springframework.boot.test.mock.mockito.MockitoTestExecutionListener, org.springframework.boot.test.mock.mockito.ResetMocksTestExecutionListener, org.springframework.test.context.web.ServletTestExecutionListener, org.springframework.test.context.support.DirtiesContextBeforeModesTestExecutionListener, org.springframework.test.context.event.ApplicationEventsTestExecutionListener, org.springframework.test.context.support.DependencyInjectionTestExecutionListener, org.springframework.test.context.support.DirtiesContextTestExecutionListener, org.springframework.test.context.transaction.TransactionalTestExecutionListener, org.springframework.test.context.jdbc.SqlScriptsTestExecutionListener, org.springframework.test.context.event.EventPublishingTestExecutionListener]
20:45:54.085 [Test worker] INFO org.springframework.boot.test.context.SpringBootTestContextBootstrapper - Using TestExecutionListeners: [org.springframework.test.context.web.ServletTestExecutionListener@30e79d6f, org.springframework.test.context.support.DirtiesContextBeforeModesTestExecutionListener@8418cef, org.springframework.test.context.event.ApplicationEventsTestExecutionListener@26875510, org.springframework.boot.test.mock.mockito.MockitoTestExecutionListener@e677159, org.springframework.boot.test.autoconfigure.SpringBootDependencyInjectionTestExecutionListener@2e7891f, org.springframework.test.context.support.DirtiesContextTestExecutionListener@6c55b58, org.springframework.test.context.transaction.TransactionalTestExecutionListener@1af6a145, org.springframework.test.context.jdbc.SqlScriptsTestExecutionListener@2faef6fb, org.springframework.test.context.event.EventPublishingTestExecutionListener@113f3d60, org.springframework.boot.test.autoconfigure.restdocs.RestDocsTestExecutionListener@3d0cab84, org.springframework.boot.test.autoconfigure.web.client.MockRestServiceServerResetTestExecutionListener@125fc9e9, org.springframework.boot.test.autoconfigure.web.servlet.MockMvcPrintOnlyOnFailureTestExecutionListener@4a9efc77, org.springframework.boot.test.autoconfigure.web.servlet.WebDriverTestExecutionListener@22220c79, org.springframework.boot.test.autoconfigure.webservices.client.MockWebServiceServerTestExecutionListener@7aaac332, org.springframework.boot.test.mock.mockito.ResetMocksTestExecutionListener@16565d0f]
20:45:54.093 [Test worker] DEBUG org.springframework.test.context.support.AbstractDirtiesContextTestExecutionListener - Before test class: context [DefaultTestContext@cdeb9a1 testClass = ShareASnippetApplicationTests, testInstance = [null], testMethod = [null], testException = [null], mergedContextConfiguration = [WebMergedContextConfiguration@49499cb0 testClass = ShareASnippetApplicationTests, locations = '{}', classes = '{class com.jinnjartech.posnip.ShareASnippetApplication}', contextInitializerClasses = '[]', activeProfiles = '{}', propertySourceLocations = '{}', propertySourceProperties = '{org.springframework.boot.test.context.SpringBootTestContextBootstrapper=true}', contextCustomizers = set[org.springframework.boot.test.autoconfigure.actuate.metrics.MetricsExportContextCustomizerFactory$DisableMetricExportContextCustomizer@74251d56, org.springframework.boot.test.autoconfigure.properties.PropertyMappingContextCustomizer@0, org.springframework.boot.test.autoconfigure.web.servlet.WebDriverContextCustomizerFactory$Customizer@34842585, org.springframework.boot.test.context.filter.ExcludeFilterContextCustomizer@509a6c97, org.springframework.boot.test.json.DuplicateJsonObjectContextCustomizerFactory$DuplicateJsonObjectContextCustomizer@4a7af731, org.springframework.boot.test.mock.mockito.MockitoContextCustomizer@0, org.springframework.boot.test.web.client.TestRestTemplateContextCustomizer@2c32ed43, org.springframework.boot.test.context.SpringBootTestArgs@1, org.springframework.boot.test.context.SpringBootTestWebEnvironment@13ad5edf], resourceBasePath = 'src/main/webapp', contextLoader = 'org.springframework.boot.test.context.SpringBootContextLoader', parent = [null]], attributes = map['org.springframework.test.context.web.ServletTestExecutionListener.activateListener' -> true]], class annotated with @DirtiesContext [false] with mode [null].
20:45:54.149 [Test worker] DEBUG org.springframework.test.context.support.TestPropertySourceUtils - Adding inlined properties to environment: {spring.jmx.enabled=false, org.springframework.boot.test.context.SpringBootTestContextBootstrapper=true}

  .   ____          _            __ _ _
 /\\ / ___'_ __ _ _(_)_ __  __ _ \ \ \ \
( ( )\___ | '_ | '_| | '_ \/ _` | \ \ \ \
 \\/  ___)| |_)| | | | | || (_| |  ) ) ) )
  '  |____| .__|_| |_|_| |_\__, | / / / /
 =========|_|==============|___/=/_/_/_/
 :: Spring Boot ::                (v2.5.3)

2021-08-18 20:45:55.020  INFO 10820 --- [    Test worker] c.j.p.ShareASnippetApplicationTests      : Starting ShareASnippetApplicationTests using Java 16.0.1 on Gummy-Bear with PID 10820 (started by Adnan in D:\Education\Projects\Share A Snippet)
2021-08-18 20:45:55.033  INFO 10820 --- [    Test worker] c.j.p.ShareASnippetApplicationTests      : No active profile set, falling back to default profiles: default
2021-08-18 20:45:56.449  INFO 10820 --- [    Test worker] .s.d.r.c.RepositoryConfigurationDelegate : Bootstrapping Spring Data JPA repositories in DEFAULT mode.
2021-08-18 20:45:56.537  INFO 10820 --- [    Test worker] .s.d.r.c.RepositoryConfigurationDelegate : Finished Spring Data repository scanning in 72 ms. Found 1 JPA repository interfaces.
2021-08-18 20:45:57.734  INFO 10820 --- [    Test worker] o.hibernate.jpa.internal.util.LogHelper  : HHH000204: Processing PersistenceUnitInfo [name: default]
2021-08-18 20:45:57.847  INFO 10820 --- [    Test worker] org.hibernate.Version                    : HHH000412: Hibernate ORM core version 5.4.32.Final
2021-08-18 20:45:58.133  INFO 10820 --- [    Test worker] o.hibernate.annotations.common.Version   : HCANN000001: Hibernate Commons Annotations {5.1.2.Final}
2021-08-18 20:45:58.372  INFO 10820 --- [    Test worker] com.zaxxer.hikari.HikariDataSource       : HikariPool-1 - Starting...
2021-08-18 20:46:02.720  INFO 10820 --- [    Test worker] com.zaxxer.hikari.HikariDataSource       : HikariPool-1 - Start completed.
2021-08-18 20:46:02.787  INFO 10820 --- [    Test worker] org.hibernate.dialect.Dialect            : HHH000400: Using dialect: org.hibernate.dialect.PostgreSQL92Dialect
2021-08-18 20:47:02.691  INFO 10820 --- [    Test worker] o.h.e.t.j.p.i.JtaPlatformInitiator       : HHH000490: Using JtaPlatform implementation: [org.hibernate.engine.transaction.jta.platform.internal.NoJtaPlatform]
2021-08-18 20:47:02.744  INFO 10820 --- [    Test worker] j.LocalContainerEntityManagerFactoryBean : Initialized JPA EntityManagerFactory for persistence unit 'default'
2021-08-18 20:47:06.899  INFO 10820 --- [    Test worker] o.s.b.a.e.web.EndpointLinksResolver      : Exposing 1 endpoint(s) beneath base path '/actuator'
2021-08-18 20:47:07.057  INFO 10820 --- [    Test worker] c.j.p.ShareASnippetApplicationTests      : Started ShareASnippetApplicationTests in 72.894 seconds (JVM running for 75.654)
]]></system-out>
  <system-err><![CDATA[]]></system-err>
</testsuite>
