<?xml version="1.0" encoding="UTF-8"?>
<testsuite name="com.jinnjartech.posnip.ShareASnippetApplicationTests" tests="1" skipped="0" failures="0" errors="0" timestamp="2021-08-18T18:41:21" hostname="GUMMY-BEAR" time="0.282">
  <properties/>
  <testcase name="contextLoads()" classname="com.jinnjartech.posnip.ShareASnippetApplicationTests" time="0.282"/>
  <system-out><![CDATA[00:40:32.202 [Test worker] DEBUG org.springframework.test.context.BootstrapUtils - Instantiating CacheAwareContextLoaderDelegate from class [org.springframework.test.context.cache.DefaultCacheAwareContextLoaderDelegate]
00:40:32.215 [Test worker] DEBUG org.springframework.test.context.BootstrapUtils - Instantiating BootstrapContext using constructor [public org.springframework.test.context.support.DefaultBootstrapContext(java.lang.Class,org.springframework.test.context.CacheAwareContextLoaderDelegate)]
00:40:32.255 [Test worker] DEBUG org.springframework.test.context.BootstrapUtils - Instantiating TestContextBootstrapper for test class [com.jinnjartech.posnip.ShareASnippetApplicationTests] from class [org.springframework.boot.test.context.SpringBootTestContextBootstrapper]
00:40:32.269 [Test worker] INFO org.springframework.boot.test.context.SpringBootTestContextBootstrapper - Neither @ContextConfiguration nor @ContextHierarchy found for test class [com.jinnjartech.posnip.ShareASnippetApplicationTests], using SpringBootContextLoader
00:40:32.273 [Test worker] DEBUG org.springframework.test.context.support.AbstractContextLoader - Did not detect default resource location for test class [com.jinnjartech.posnip.ShareASnippetApplicationTests]: class path resource [com/jinnjartech/posnip/ShareASnippetApplicationTests-context.xml] does not exist
00:40:32.274 [Test worker] DEBUG org.springframework.test.context.support.AbstractContextLoader - Did not detect default resource location for test class [com.jinnjartech.posnip.ShareASnippetApplicationTests]: class path resource [com/jinnjartech/posnip/ShareASnippetApplicationTestsContext.groovy] does not exist
00:40:32.275 [Test worker] INFO org.springframework.test.context.support.AbstractContextLoader - Could not detect default resource locations for test class [com.jinnjartech.posnip.ShareASnippetApplicationTests]: no resource found for suffixes {-context.xml, Context.groovy}.
00:40:32.280 [Test worker] INFO org.springframework.test.context.support.AnnotationConfigContextLoaderUtils - Could not detect default configuration classes for test class [com.jinnjartech.posnip.ShareASnippetApplicationTests]: ShareASnippetApplicationTests does not declare any static, non-private, non-final, nested classes annotated with @Configuration.
00:40:32.350 [Test worker] DEBUG org.springframework.test.context.support.ActiveProfilesUtils - Could not find an 'annotation declaring class' for annotation type [org.springframework.test.context.ActiveProfiles] and class [com.jinnjartech.posnip.ShareASnippetApplicationTests]
00:40:32.416 [Test worker] DEBUG org.springframework.context.annotation.ClassPathScanningCandidateComponentProvider - Identified candidate component class: file [D:\Education\Projects\Share A Snippet\build\classes\java\main\com\jinnjartech\posnip\ShareASnippetApplication.class]
00:40:32.418 [Test worker] INFO org.springframework.boot.test.context.SpringBootTestContextBootstrapper - Found @SpringBootConfiguration com.jinnjartech.posnip.ShareASnippetApplication for test class com.jinnjartech.posnip.ShareASnippetApplicationTests
00:40:32.559 [Test worker] DEBUG org.springframework.boot.test.context.SpringBootTestContextBootstrapper - @TestExecutionListeners is not present for class [com.jinnjartech.posnip.ShareASnippetApplicationTests]: using defaults.
00:40:32.560 [Test worker] INFO org.springframework.boot.test.context.SpringBootTestContextBootstrapper - Loaded default TestExecutionListener class names from location [META-INF/spring.factories]: [org.springframework.boot.test.autoconfigure.restdocs.RestDocsTestExecutionListener, org.springframework.boot.test.autoconfigure.web.client.MockRestServiceServerResetTestExecutionListener, org.springframework.boot.test.autoconfigure.web.servlet.MockMvcPrintOnlyOnFailureTestExecutionListener, org.springframework.boot.test.autoconfigure.web.servlet.WebDriverTestExecutionListener, org.springframework.boot.test.autoconfigure.webservices.client.MockWebServiceServerTestExecutionListener, org.springframework.boot.test.mock.mockito.MockitoTestExecutionListener, org.springframework.boot.test.mock.mockito.ResetMocksTestExecutionListener, org.springframework.test.context.web.ServletTestExecutionListener, org.springframework.test.context.support.DirtiesContextBeforeModesTestExecutionListener, org.springframework.test.context.event.ApplicationEventsTestExecutionListener, org.springframework.test.context.support.DependencyInjectionTestExecutionListener, org.springframework.test.context.support.DirtiesContextTestExecutionListener, org.springframework.test.context.transaction.TransactionalTestExecutionListener, org.springframework.test.context.jdbc.SqlScriptsTestExecutionListener, org.springframework.test.context.event.EventPublishingTestExecutionListener]
00:40:32.584 [Test worker] INFO org.springframework.boot.test.context.SpringBootTestContextBootstrapper - Using TestExecutionListeners: [org.springframework.test.context.web.ServletTestExecutionListener@1611c622, org.springframework.test.context.support.DirtiesContextBeforeModesTestExecutionListener@6f93c9f0, org.springframework.test.context.event.ApplicationEventsTestExecutionListener@50042a6e, org.springframework.boot.test.mock.mockito.MockitoTestExecutionListener@1bf62c4c, org.springframework.boot.test.autoconfigure.SpringBootDependencyInjectionTestExecutionListener@3ced9c6, org.springframework.test.context.support.DirtiesContextTestExecutionListener@72634c06, org.springframework.test.context.transaction.TransactionalTestExecutionListener@3c54f7e, org.springframework.test.context.jdbc.SqlScriptsTestExecutionListener@29fb8706, org.springframework.test.context.event.EventPublishingTestExecutionListener@5c8e6b16, org.springframework.boot.test.autoconfigure.restdocs.RestDocsTestExecutionListener@34e51ffd, org.springframework.boot.test.autoconfigure.web.client.MockRestServiceServerResetTestExecutionListener@1df218a0, org.springframework.boot.test.autoconfigure.web.servlet.MockMvcPrintOnlyOnFailureTestExecutionListener@68c47faf, org.springframework.boot.test.autoconfigure.web.servlet.WebDriverTestExecutionListener@473d7f7a, org.springframework.boot.test.autoconfigure.webservices.client.MockWebServiceServerTestExecutionListener@5b3b9a97, org.springframework.boot.test.mock.mockito.ResetMocksTestExecutionListener@5601be48]
00:40:32.588 [Test worker] DEBUG org.springframework.test.context.support.AbstractDirtiesContextTestExecutionListener - Before test class: context [DefaultTestContext@5544a7b7 testClass = ShareASnippetApplicationTests, testInstance = [null], testMethod = [null], testException = [null], mergedContextConfiguration = [WebMergedContextConfiguration@1ce159f8 testClass = ShareASnippetApplicationTests, locations = '{}', classes = '{class com.jinnjartech.posnip.ShareASnippetApplication}', contextInitializerClasses = '[]', activeProfiles = '{}', propertySourceLocations = '{}', propertySourceProperties = '{org.springframework.boot.test.context.SpringBootTestContextBootstrapper=true}', contextCustomizers = set[org.springframework.boot.test.autoconfigure.actuate.metrics.MetricsExportContextCustomizerFactory$DisableMetricExportContextCustomizer@568f2394, org.springframework.boot.test.autoconfigure.properties.PropertyMappingContextCustomizer@0, org.springframework.boot.test.autoconfigure.web.servlet.WebDriverContextCustomizerFactory$Customizer@7ae1e5fd, org.springframework.boot.test.context.filter.ExcludeFilterContextCustomizer@2161d482, org.springframework.boot.test.json.DuplicateJsonObjectContextCustomizerFactory$DuplicateJsonObjectContextCustomizer@6f8e523b, org.springframework.boot.test.mock.mockito.MockitoContextCustomizer@0, org.springframework.boot.test.web.client.TestRestTemplateContextCustomizer@267ba8fa, org.springframework.boot.test.context.SpringBootTestArgs@1, org.springframework.boot.test.context.SpringBootTestWebEnvironment@e2bb279], resourceBasePath = 'src/main/webapp', contextLoader = 'org.springframework.boot.test.context.SpringBootContextLoader', parent = [null]], attributes = map['org.springframework.test.context.web.ServletTestExecutionListener.activateListener' -> true]], class annotated with @DirtiesContext [false] with mode [null].
00:40:32.636 [Test worker] DEBUG org.springframework.test.context.support.TestPropertySourceUtils - Adding inlined properties to environment: {spring.jmx.enabled=false, org.springframework.boot.test.context.SpringBootTestContextBootstrapper=true}

  .   ____          _            __ _ _
 /\\ / ___'_ __ _ _(_)_ __  __ _ \ \ \ \
( ( )\___ | '_ | '_| | '_ \/ _` | \ \ \ \
 \\/  ___)| |_)| | | | | || (_| |  ) ) ) )
  '  |____| .__|_| |_|_| |_\__, | / / / /
 =========|_|==============|___/=/_/_/_/
 :: Spring Boot ::                (v2.5.3)

2021-08-19 00:40:33.080  INFO 15408 --- [    Test worker] c.j.p.ShareASnippetApplicationTests      : Starting ShareASnippetApplicationTests using Java 16.0.1 on Gummy-Bear with PID 15408 (started by Adnan in D:\Education\Projects\Share A Snippet)
2021-08-19 00:40:33.086  INFO 15408 --- [    Test worker] c.j.p.ShareASnippetApplicationTests      : No active profile set, falling back to default profiles: default
2021-08-19 00:40:34.440  INFO 15408 --- [    Test worker] .s.d.r.c.RepositoryConfigurationDelegate : Bootstrapping Spring Data JPA repositories in DEFAULT mode.
2021-08-19 00:40:34.520  INFO 15408 --- [    Test worker] .s.d.r.c.RepositoryConfigurationDelegate : Finished Spring Data repository scanning in 69 ms. Found 1 JPA repository interfaces.
2021-08-19 00:40:35.328  INFO 15408 --- [    Test worker] o.hibernate.jpa.internal.util.LogHelper  : HHH000204: Processing PersistenceUnitInfo [name: default]
2021-08-19 00:40:35.423  INFO 15408 --- [    Test worker] org.hibernate.Version                    : HHH000412: Hibernate ORM core version 5.4.32.Final
2021-08-19 00:40:35.604  INFO 15408 --- [    Test worker] o.hibernate.annotations.common.Version   : HCANN000001: Hibernate Commons Annotations {5.1.2.Final}
2021-08-19 00:40:35.764  INFO 15408 --- [    Test worker] com.zaxxer.hikari.HikariDataSource       : HikariPool-1 - Starting...
2021-08-19 00:40:38.449  INFO 15408 --- [    Test worker] com.zaxxer.hikari.HikariDataSource       : HikariPool-1 - Start completed.
2021-08-19 00:40:38.466  INFO 15408 --- [    Test worker] org.hibernate.dialect.Dialect            : HHH000400: Using dialect: org.hibernate.dialect.PostgreSQL92Dialect
2021-08-19 00:41:18.784  INFO 15408 --- [    Test worker] o.h.e.t.j.p.i.JtaPlatformInitiator       : HHH000490: Using JtaPlatform implementation: [org.hibernate.engine.transaction.jta.platform.internal.NoJtaPlatform]
2021-08-19 00:41:18.792  INFO 15408 --- [    Test worker] j.LocalContainerEntityManagerFactoryBean : Initialized JPA EntityManagerFactory for persistence unit 'default'
2021-08-19 00:41:21.110  INFO 15408 --- [    Test worker] o.s.b.a.e.web.EndpointLinksResolver      : Exposing 1 endpoint(s) beneath base path '/actuator'
2021-08-19 00:41:21.191  INFO 15408 --- [    Test worker] c.j.p.ShareASnippetApplicationTests      : Started ShareASnippetApplicationTests in 48.548 seconds (JVM running for 50.163)
]]></system-out>
  <system-err><![CDATA[]]></system-err>
</testsuite>
